<?xml version="1.0" encoding="UTF-8"?>
<!-- Generated by org.testng.reporters.JUnitXMLReporter -->
<testsuite hostname="VA1ADMIS5LKXPN2" ignored="0" name="Test-method test" tests="4" failures="0" timestamp="01 May 2020 17:34:48 GMT" time="0.156" errors="0">
  <testcase name="testMethodsFour" time="0.015" classname="testngexamples.ParallelMethodTest"/>
  <testcase name="testMethodsThree" time="0.025" classname="testngexamples.ParallelMethodTest"/>
  <testcase name="testMethodsOne" time="0.027" classname="testngexamples.ParallelMethodTest"/>
  <testcase name="testMethodsTwo" time="0.011" classname="testngexamples.ParallelMethodTest"/>
</testsuite> <!-- Test-method test -->
