<?xml version="1.0" encoding="UTF-8"?>
<!-- Generated by org.testng.reporters.JUnitReportReporter -->
<testsuite name="testngexamples.ParameterizedTest1" tests="1" time="0.025" ignored="0" failures="0" timestamp="27 Apr 2020 07:22:56 GMT" skipped="0" hostname="VA1ADMIS5LKXPN2" errors="0">
  <testcase name="parameterTest" time="0.025" classname="testngexamples.ParameterizedTest1"/>
</testsuite> <!-- testngexamples.ParameterizedTest1 -->
