<?xml version="1.0" encoding="UTF-8"?>
<!-- Generated by org.testng.reporters.JUnitReportReporter -->
<testsuite name="testngexamples.testngannatations" tests="2" time="0.050" ignored="0" failures="0" timestamp="01 May 2020 16:54:07 GMT" skipped="0" hostname="VA1ADMIS5LKXPN2" errors="0">
  <testcase name="testcase1" time="0.019" classname="testngexamples.testngannatations"/>
  <testcase name="testcase2" time="0.031" classname="testngexamples.testngannatations"/>
</testsuite> <!-- testngexamples.testngannatations -->
