<?xml version="1.0" encoding="UTF-8"?>
<!-- Generated by org.testng.reporters.JUnitReportReporter -->
<testsuite name="testngexamples.DependencyTestUsingAnnotation" tests="3" time="0.037" ignored="0" failures="0" timestamp="27 Apr 2020 07:18:43 GMT" skipped="0" hostname="VA1ADMIS5LKXPN2" errors="0">
  <testcase name="testSalutationMessage" time="0.018" classname="testngexamples.DependencyTestUsingAnnotation"/>
  <testcase name="testPrintMessage" time="0.004" classname="testngexamples.DependencyTestUsingAnnotation"/>
  <testcase name="initEnvironmentTest" time="0.015" classname="testngexamples.DependencyTestUsingAnnotation"/>
</testsuite> <!-- testngexamples.DependencyTestUsingAnnotation -->
