<?xml version="1.0" encoding="UTF-8"?>
<!-- Generated by org.testng.reporters.JUnitReportReporter -->
<testsuite name="testngexamples.ParallelMethodTest" tests="4" time="0.156" ignored="0" failures="0" timestamp="01 May 2020 17:34:48 GMT" skipped="0" hostname="VA1ADMIS5LKXPN2" errors="0">
  <testcase name="testMethodsOne" time="0.048" classname="testngexamples.ParallelMethodTest"/>
  <testcase name="testMethodsFour" time="0.044" classname="testngexamples.ParallelMethodTest"/>
  <testcase name="testMethodsThree" time="0.027" classname="testngexamples.ParallelMethodTest"/>
  <testcase name="testMethodsTwo" time="0.037" classname="testngexamples.ParallelMethodTest"/>
</testsuite> <!-- testngexamples.ParallelMethodTest -->
